<?xml version="1.0" encoding="UTF-8"?>
<coverage generated="1757536459525" clover="3.2.0">
  <project timestamp="1757536459526" name="All files">
    <metrics statements="2" coveredstatements="2" conditionals="4" coveredconditionals="4" methods="2" coveredmethods="2" elements="8" coveredelements="8" complexity="0" loc="2" ncloc="2" packages="1" files="1" classes="1"/>
    <file name="validator.js" path="D:\js_homeworks\hw_nick_names\src\js\validator.js">
      <metrics statements="2" coveredstatements="2" conditionals="4" coveredconditionals="4" methods="2" coveredmethods="2"/>
      <line num="3" count="6" type="stmt"/>
      <line num="9" count="6" type="stmt"/>
    </file>
  </project>
</coverage>
