{"D:\\js_homeworks\\hw_nick_names\\src\\js\\validator.js": {"path":"D:\\js_homeworks\\hw_nick_names\\src\\js\\validator.js","statementMap":{"0":{"start":{"line":3,"column":4},"end":{"line":3,"column":29}},"1":{"start":{"line":9,"column":4},"end":{"line":14,"column":6}}},"fnMap":{"0":{"name":"(anonymous_0)","decl":{"start":{"line":2,"column":2},"end":{"line":2,"column":3}},"loc":{"start":{"line":2,"column":24},"end":{"line":4,"column":3}},"line":2},"1":{"name":"(anonymous_1)","decl":{"start":{"line":6,"column":2},"end":{"line":6,"column":3}},"loc":{"start":{"line":6,"column":21},"end":{"line":15,"column":3}},"line":6}},"branchMap":{"0":{"loc":{"start":{"line":10,"column":6},"end":{"line":13,"column":46}},"type":"binary-expr","locations":[{"start":{"line":10,"column":6},"end":{"line":10,"column":51}},{"start":{"line":11,"column":6},"end":{"line":11,"column":41}},{"start":{"line":12,"column":6},"end":{"line":12,"column":46}},{"start":{"line":13,"column":6},"end":{"line":13,"column":46}}],"line":10}},"s":{"0":6,"1":6},"f":{"0":6,"1":6},"b":{"0":[6,6,4,2]},"_coverageSchema":"1a1c01bbd47fc00a2c39e90264f33305004495a9","hash":"27dc83f0f5dd8bf3898a497dfc0239cc2bab4886"}
}
